2024-07=03 15:05:17:INFO:@@@@@@@@@TC1@@@@@@@@
2024-07=03 15:05:19:INFO:@@@@@@@@@TC2@@@@@@@@
2024-07=03 15:05:26:INFO:@@@@@@@@@TC3@@@@@@@@
2024-07=03 15:08:21:INFO:@@@@@@@@@TC1@@@@@@@@
2024-07=03 15:08:22:INFO:@@@@@@@@@PASS@@@@@@@@
2024-07=03 15:08:23:INFO:@@@@@@@@@TC2@@@@@@@@
2024-07=03 15:08:29:INFO:@@@@@@@@@FALSE@@@@@@@@
2024-07=03 15:08:30:INFO:@@@@@@@@@TC3@@@@@@@@
2024-07=03 15:08:32:INFO:@@@@@@@@@PASS@@@@@@@@
2024-07=03 15:24:50:INFO:@@@@@@@@@TC2@@@@@@@@
2024-07=03 15:24:56:INFO:@@@@@@@@@FALSE@@@@@@@@
2024-07=03 15:24:57:INFO:@@@@@@@@@TC3@@@@@@@@
2024-07=03 15:24:59:INFO:@@@@@@@@@PASS@@@@@@@@
2024-07=03 15:26:19:INFO:@@@@@@@@@TC1@@@@@@@@
2024-07=03 15:26:20:INFO:@@@@@@@@@PASS@@@@@@@@
2024-07=03 15:26:22:INFO:@@@@@@@@@TC2@@@@@@@@
2024-07=03 15:26:27:INFO:@@@@@@@@@FALSE@@@@@@@@
2024-07=03 15:26:28:INFO:@@@@@@@@@TC3@@@@@@@@
2024-07=03 15:26:30:INFO:@@@@@@@@@PASS@@@@@@@@
2024-07=03 15:27:05:INFO:@@@@@@@@@TC1@@@@@@@@
2024-07=03 15:27:06:INFO:@@@@@@@@@PASS@@@@@@@@
2024-07=03 15:27:12:INFO:@@@@@@@@@TC2@@@@@@@@
2024-07=03 15:27:19:INFO:@@@@@@@@@FALSE@@@@@@@@
2024-07=03 15:27:24:INFO:@@@@@@@@@TC3@@@@@@@@
2024-07=03 15:27:26:INFO:@@@@@@@@@PASS@@@@@@@@
2024-07=03 16:30:45:INFO:@@@@@@@@@TC3@@@@@@@@
2024-07=03 16:30:45:INFO:@@@@@@@@@TC2@@@@@@@@
2024-07=03 16:30:45:INFO:@@@@@@@@@TC1@@@@@@@@
2024-07=03 16:30:46:INFO:@@@@@@@@@PASS@@@@@@@@
2024-07=03 16:30:46:INFO:@@@@@@@@@PASS@@@@@@@@
2024-07=03 16:30:50:INFO:@@@@@@@@@FALSE@@@@@@@@
2024-07=03 16:31:16:INFO:@@@@@@@@@TC1@@@@@@@@
2024-07=03 16:31:16:INFO:@@@@@@@@@TC2@@@@@@@@
2024-07=03 16:31:17:INFO:@@@@@@@@@PASS@@@@@@@@
2024-07=03 16:31:18:INFO:@@@@@@@@@PASS@@@@@@@@
2024-07=03 16:31:20:INFO:@@@@@@@@@PASS@@@@@@@@
2024-07=03 16:37:02:INFO:@@@@@@@@@TC1@@@@@@@@
2024-07=03 16:37:03:INFO:@@@@@@@@@PASS@@@@@@@@
2024-07=03 16:37:05:INFO:@@@@@@@@@TC2@@@@@@@@
2024-07=03 16:37:07:INFO:@@@@@@@@@PASS@@@@@@@@
2024-07=03 16:37:11:INFO:@@@@@@@@@TC3@@@@@@@@
2024-07=03 16:37:12:INFO:@@@@@@@@@PASS@@@@@@@@
2024-07=03 16:38:01:INFO:@@@@@@@@@TC1@@@@@@@@
2024-07=03 16:38:02:INFO:@@@@@@@@@PASS@@@@@@@@
2024-07=03 16:38:03:INFO:@@@@@@@@@TC2@@@@@@@@
2024-07=03 16:38:09:INFO:@@@@@@@@@FALSE@@@@@@@@
2024-07=03 16:38:10:INFO:@@@@@@@@@TC3@@@@@@@@
2024-07=03 16:38:12:INFO:@@@@@@@@@PASS@@@@@@@@
2024-07=04 14:56:50:INFO:TEST_03_ADD_NEW_CUSTOMER
2024-07=04 14:56:53:INFO:LOGIN COMPLETED
2024-07=04 14:56:53:INFO:ADDING NEW CUSTOMER
2024-07=04 14:56:56:INFO:@@@@@@@@@TC1@@@@@@@@
2024-07=04 14:56:57:INFO:@@@@@@@@@PASS@@@@@@@@
2024-07=04 14:56:59:INFO:@@@@@@@@@TC2@@@@@@@@
2024-07=04 14:57:02:INFO:@@@@@@@@@PASS@@@@@@@@
2024-07=04 14:57:05:INFO:@@@@@@@@@TC3@@@@@@@@
2024-07=04 14:57:07:INFO:@@@@@@@@@PASS@@@@@@@@
2024-07=04 15:00:57:INFO:TEST_03_ADD_NEW_CUSTOMER
2024-07=04 15:01:00:INFO:LOGIN COMPLETED
2024-07=04 15:01:00:INFO:ADDING NEW CUSTOMER
2024-07=04 15:11:09:INFO:TEST_03_ADD_NEW_CUSTOMER
2024-07=04 15:11:14:INFO:LOGIN COMPLETED
2024-07=04 15:11:14:INFO:ADDING NEW CUSTOMER
2024-07=04 15:11:16:INFO:PROVIDING CUSTOMER INFO STARTED
2024-07=04 15:13:55:INFO:TEST_03_ADD_NEW_CUSTOMER
2024-07=04 15:14:00:INFO:LOGIN COMPLETED
2024-07=04 15:14:00:INFO:ADDING NEW CUSTOMER
2024-07=04 15:14:01:INFO:PROVIDING CUSTOMER INFO STARTED
2024-07=04 15:14:34:INFO:TEST_03_ADD_NEW_CUSTOMER
2024-07=04 15:14:37:INFO:LOGIN COMPLETED
2024-07=04 15:14:37:INFO:ADDING NEW CUSTOMER
2024-07=04 15:14:38:INFO:PROVIDING CUSTOMER INFO STARTED
2024-07=04 15:24:41:INFO:TEST_03_ADD_NEW_CUSTOMER
2024-07=04 15:24:43:INFO:LOGIN COMPLETED
2024-07=04 15:24:43:INFO:ADDING NEW CUSTOMER
2024-07=04 15:25:19:INFO:TEST_03_ADD_NEW_CUSTOMER
2024-07=04 15:25:22:INFO:LOGIN COMPLETED
2024-07=04 15:25:22:INFO:ADDING NEW CUSTOMER
2024-07=04 15:25:24:INFO:PROVIDING CUSTOMER INFO STARTED
2024-07=04 15:29:56:INFO:TEST_03_ADD_NEW_CUSTOMER
2024-07=04 15:29:59:INFO:LOGIN COMPLETED
2024-07=04 15:29:59:INFO:ADDING NEW CUSTOMER
2024-07=04 15:30:00:INFO:PROVIDING CUSTOMER INFO STARTED
2024-07=04 15:31:20:INFO:TEST_03_ADD_NEW_CUSTOMER
2024-07=04 15:31:23:INFO:LOGIN COMPLETED
2024-07=04 15:31:23:INFO:ADDING NEW CUSTOMER
2024-07=04 15:31:25:INFO:PROVIDING CUSTOMER INFO STARTED
2024-07=04 15:31:58:INFO:TEST_03_ADD_NEW_CUSTOMER
2024-07=04 15:32:01:INFO:LOGIN COMPLETED
2024-07=04 15:32:01:INFO:ADDING NEW CUSTOMER
2024-07=04 15:32:03:INFO:PROVIDING CUSTOMER INFO STARTED
2024-07=04 15:32:04:INFO:Test store 2 selected
2024-07=04 15:32:58:INFO:TEST_03_ADD_NEW_CUSTOMER
2024-07=04 15:33:00:INFO:LOGIN COMPLETED
2024-07=04 15:33:00:INFO:ADDING NEW CUSTOMER
2024-07=04 15:33:02:INFO:PROVIDING CUSTOMER INFO STARTED
2024-07=04 15:33:44:INFO:TEST_03_ADD_NEW_CUSTOMER
2024-07=04 15:33:47:INFO:LOGIN COMPLETED
2024-07=04 15:33:47:INFO:ADDING NEW CUSTOMER
2024-07=04 15:33:49:INFO:PROVIDING CUSTOMER INFO STARTED
2024-07=04 15:35:03:INFO:TEST_03_ADD_NEW_CUSTOMER
2024-07=04 15:35:06:INFO:LOGIN COMPLETED
2024-07=04 15:35:06:INFO:ADDING NEW CUSTOMER
2024-07=04 15:35:07:INFO:PROVIDING CUSTOMER INFO STARTED
2024-07=04 15:47:22:INFO:TEST_03_ADD_NEW_CUSTOMER
2024-07=04 15:47:25:INFO:LOGIN COMPLETED
2024-07=04 15:47:25:INFO:ADDING NEW CUSTOMER
2024-07=04 15:47:27:INFO:PROVIDING CUSTOMER INFO STARTED
2024-07=04 15:53:07:INFO:TEST_03_ADD_NEW_CUSTOMER
2024-07=04 15:53:10:INFO:LOGIN COMPLETED
2024-07=04 15:53:10:INFO:ADDING NEW CUSTOMER
2024-07=04 15:53:12:INFO:PROVIDING CUSTOMER INFO STARTED
2024-07=04 15:56:08:INFO:TEST_03_ADD_NEW_CUSTOMER
2024-07=04 15:56:12:INFO:LOGIN COMPLETED
2024-07=04 15:56:12:INFO:ADDING NEW CUSTOMER
2024-07=04 15:56:13:INFO:PROVIDING CUSTOMER INFO STARTED
2024-07=04 15:56:57:INFO:TEST_03_ADD_NEW_CUSTOMER
2024-07=04 15:57:01:INFO:LOGIN COMPLETED
2024-07=04 15:57:01:INFO:ADDING NEW CUSTOMER
2024-07=04 15:57:02:INFO:PROVIDING CUSTOMER INFO STARTED
2024-07=04 15:57:06:INFO:Your store selected
2024-07=04 16:25:14:INFO:TEST_03_ADD_NEW_CUSTOMER
2024-07=04 16:25:18:INFO:LOGIN COMPLETED
2024-07=04 16:25:18:INFO:ADDING NEW CUSTOMER
2024-07=04 16:25:19:INFO:PROVIDING CUSTOMER INFO STARTED
2024-07=04 16:25:23:INFO:Your store selected
2024-07=04 16:26:08:INFO:TEST_03_ADD_NEW_CUSTOMER
2024-07=04 16:26:11:INFO:LOGIN COMPLETED
2024-07=04 16:26:11:INFO:ADDING NEW CUSTOMER
2024-07=04 16:26:13:INFO:PROVIDING CUSTOMER INFO STARTED
2024-07=04 16:26:16:INFO:Your store selected
2024-07=04 16:30:39:INFO:TEST_03_ADD_NEW_CUSTOMER
2024-07=04 16:30:46:INFO:LOGIN COMPLETED
2024-07=04 16:30:46:INFO:ADDING NEW CUSTOMER
2024-07=04 16:30:48:INFO:PROVIDING CUSTOMER INFO STARTED
2024-07=04 16:30:52:INFO:Your store selected
2024-07=04 16:31:03:INFO:TEST_03_ADD_NEW_CUSTOMER
2024-07=04 16:31:08:INFO:LOGIN COMPLETED
2024-07=04 16:31:08:INFO:ADDING NEW CUSTOMER
2024-07=04 16:31:15:INFO:TEST_03_ADD_NEW_CUSTOMER
2024-07=04 16:31:22:INFO:LOGIN COMPLETED
2024-07=04 16:31:22:INFO:ADDING NEW CUSTOMER
2024-07=04 16:31:24:INFO:PROVIDING CUSTOMER INFO STARTED
2024-07=04 16:31:28:INFO:Your store selected
2024-07=04 16:32:04:INFO:TEST_03_ADD_NEW_CUSTOMER
2024-07=04 16:32:10:INFO:LOGIN COMPLETED
2024-07=04 16:32:10:INFO:ADDING NEW CUSTOMER
2024-07=04 16:32:11:INFO:PROVIDING CUSTOMER INFO STARTED
2024-07=04 16:32:15:INFO:Your store selected
2024-07=04 16:37:50:INFO:TEST_03_ADD_NEW_CUSTOMER
2024-07=04 16:37:56:INFO:LOGIN COMPLETED
2024-07=04 16:37:56:INFO:ADDING NEW CUSTOMER
2024-07=04 16:37:58:INFO:PROVIDING CUSTOMER INFO STARTED
2024-07=04 16:38:02:INFO:Your store selected
2024-07=04 16:39:40:INFO:TEST_03_ADD_NEW_CUSTOMER
2024-07=04 16:39:43:INFO:LOGIN COMPLETED
2024-07=04 16:39:43:INFO:ADDING NEW CUSTOMER
2024-07=04 16:39:45:INFO:PROVIDING CUSTOMER INFO STARTED
2024-07=04 16:39:48:INFO:Your store selected
2024-07=04 16:42:52:INFO:TEST_03_ADD_NEW_CUSTOMER
2024-07=04 16:42:56:INFO:LOGIN COMPLETED
2024-07=04 16:42:56:INFO:ADDING NEW CUSTOMER
2024-07=04 16:42:57:INFO:PROVIDING CUSTOMER INFO STARTED
2024-07=04 16:43:01:INFO:Your store selected
2024-07=04 16:44:23:INFO:TEST_03_ADD_NEW_CUSTOMER
2024-07=04 16:44:26:INFO:LOGIN COMPLETED
2024-07=04 16:44:26:INFO:ADDING NEW CUSTOMER
2024-07=04 16:44:28:INFO:PROVIDING CUSTOMER INFO STARTED
2024-07=04 16:44:32:INFO:Your store selected
2024-07=04 18:54:47:INFO:TEST_03_ADD_NEW_CUSTOMER
2024-07=04 18:54:51:INFO:LOGIN COMPLETED
2024-07=04 18:54:51:INFO:ADDING NEW CUSTOMER
2024-07=04 18:54:52:INFO:PROVIDING CUSTOMER INFO STARTED
2024-07=04 18:54:56:INFO:Your store selected
2024-07=04 18:56:10:INFO:TEST_03_ADD_NEW_CUSTOMER
2024-07=04 18:56:13:INFO:LOGIN COMPLETED
2024-07=04 18:56:13:INFO:ADDING NEW CUSTOMER
2024-07=04 18:56:29:INFO:TEST_03_ADD_NEW_CUSTOMER
2024-07=04 18:56:32:INFO:LOGIN COMPLETED
2024-07=04 18:56:32:INFO:ADDING NEW CUSTOMER
2024-07=04 18:56:33:INFO:PROVIDING CUSTOMER INFO STARTED
2024-07=04 18:56:37:INFO:Your store selected
2024-07=04 18:57:30:INFO:TEST_03_ADD_NEW_CUSTOMER
2024-07=04 18:57:33:INFO:LOGIN COMPLETED
2024-07=04 18:57:33:INFO:ADDING NEW CUSTOMER
2024-07=04 18:57:35:INFO:PROVIDING CUSTOMER INFO STARTED
2024-07=04 18:57:38:INFO:Your store selected
2024-08=21 13:00:09:WARNING:The chromedriver version (126.0.6478.126) detected in PATH at C:\Windows\chromedriver.exe might not be compatible with the detected chrome version (127.0.6533.120); currently, chromedriver 127.0.6533.119 is recommended for chrome 127.*, so it is advised to delete the driver in PATH and retry
2024-08=21 13:00:10:INFO:**********Test_04_001 started************
2024-08=21 13:00:31:WARNING:The chromedriver version (126.0.6478.126) detected in PATH at C:\Windows\chromedriver.exe might not be compatible with the detected chrome version (127.0.6533.120); currently, chromedriver 127.0.6533.119 is recommended for chrome 127.*, so it is advised to delete the driver in PATH and retry
2024-08=21 13:00:32:INFO:**********Test_04_002 started************
2024-08=21 13:00:53:WARNING:The chromedriver version (126.0.6478.126) detected in PATH at C:\Windows\chromedriver.exe might not be compatible with the detected chrome version (127.0.6533.120); currently, chromedriver 127.0.6533.119 is recommended for chrome 127.*, so it is advised to delete the driver in PATH and retry
2024-08=21 13:00:54:INFO:**********Test_04_003 started************
2024-08=21 13:02:21:WARNING:The chromedriver version (126.0.6478.126) detected in PATH at C:\Windows\chromedriver.exe might not be compatible with the detected chrome version (127.0.6533.120); currently, chromedriver 127.0.6533.119 is recommended for chrome 127.*, so it is advised to delete the driver in PATH and retry
2024-08=21 13:02:22:INFO:**********Test_04_001 started************
2024-08=21 13:02:43:WARNING:The chromedriver version (126.0.6478.126) detected in PATH at C:\Windows\chromedriver.exe might not be compatible with the detected chrome version (127.0.6533.120); currently, chromedriver 127.0.6533.119 is recommended for chrome 127.*, so it is advised to delete the driver in PATH and retry
2024-08=21 13:02:44:INFO:**********Test_04_002 started************
2024-08=21 13:06:06:WARNING:The chromedriver version (126.0.6478.126) detected in PATH at C:\Windows\chromedriver.exe might not be compatible with the detected chrome version (127.0.6533.120); currently, chromedriver 127.0.6533.119 is recommended for chrome 127.*, so it is advised to delete the driver in PATH and retry
2024-08=21 13:06:07:INFO:**********Test_04_001 started************
2024-08=21 13:06:28:WARNING:The chromedriver version (126.0.6478.126) detected in PATH at C:\Windows\chromedriver.exe might not be compatible with the detected chrome version (127.0.6533.120); currently, chromedriver 127.0.6533.119 is recommended for chrome 127.*, so it is advised to delete the driver in PATH and retry
2024-08=21 13:06:29:INFO:**********Test_04_002 started************
2024-08=21 13:11:18:INFO:**********Test_04_001 started************
2024-08=21 13:17:04:INFO:**********Test_04_001 started************
2024-08=21 13:17:27:INFO:**********Test_04_002 started************
2024-08=21 13:20:05:INFO:**********Test_04_001 started************
2024-08=21 13:22:36:INFO:**********Test_04_001 started************
2024-08=21 13:22:58:INFO:**********Test_04_002 started************
2024-08=21 13:23:24:INFO:**********Test_04_001 started************
2024-08=22 12:21:46:INFO:**********Test_04_001 started************
2024-08=22 12:21:48:INFO:*********Login completed**********
2024-08=22 12:21:48:INFO:*********navigating to the search customer page**********
2024-08=22 12:22:02:INFO:**********Test_04_002 started************
2024-08=22 12:22:05:INFO:*********Login completed**********
2024-08=22 12:22:05:INFO:*********navigating to the search customer page**********
2024-08=22 12:23:11:INFO:**********Test_04_001 started************
2024-08=22 12:23:16:INFO:*********Login completed**********
2024-08=22 12:23:16:INFO:*********navigating to the search customer page**********
2024-08=22 12:23:17:INFO:********starting search by email***********
2024-08=22 12:23:21:INFO:Test passed
2024-08=22 12:23:22:INFO:**********Test_04_002 started************
2024-08=22 12:23:24:INFO:*********Login completed**********
2024-08=22 12:23:24:INFO:*********navigating to the search customer page**********
2024-08=22 12:23:25:INFO:********starting search by name***********
2024-08=22 12:23:29:INFO:Test failed
2024-08=22 12:23:30:INFO:**********Test_04_003 started************
2024-08=22 12:23:33:INFO:*********Login completed**********
2024-08=22 12:23:33:INFO:*********navigating to the search customer page**********
2024-08=22 12:25:08:INFO:**********Test_04_001 started************
2024-08=22 12:25:11:INFO:*********Login completed**********
2024-08=22 12:25:11:INFO:*********navigating to the search customer page**********
2024-08=22 12:25:11:INFO:********starting search by email***********
2024-08=22 12:25:15:INFO:Test passed
2024-08=22 12:25:18:INFO:**********Test_04_002 started************
2024-08=22 12:25:36:INFO:**********Test_04_001 started************
2024-08=22 12:25:39:INFO:*********Login completed**********
2024-08=22 12:25:39:INFO:*********navigating to the search customer page**********
2024-08=22 12:25:40:INFO:********starting search by email***********
2024-08=22 12:25:43:INFO:Test passed
2024-08=22 12:25:46:INFO:**********Test_04_002 started************
2024-08=22 12:25:50:INFO:*********Login completed**********
2024-08=22 12:25:50:INFO:*********navigating to the search customer page**********
2024-08=22 12:25:51:INFO:********starting search by name***********
2024-08=22 12:25:54:INFO:Test passed
2024-08=22 12:25:57:INFO:**********Test_04_003 started************
2024-08=22 12:26:01:INFO:*********Login completed**********
2024-08=22 12:26:01:INFO:*********navigating to the search customer page**********
2024-08=22 12:26:01:INFO:********starting search by company name***********
2024-08=22 12:27:04:INFO:**********Test_04_001 started************
2024-08=22 12:27:08:INFO:*********Login completed**********
2024-08=22 12:27:08:INFO:*********navigating to the search customer page**********
2024-08=22 12:27:08:INFO:********starting search by email***********
2024-08=22 12:27:12:INFO:Test passed
2024-08=22 12:27:15:INFO:**********Test_04_002 started************
2024-08=22 12:27:18:INFO:*********Login completed**********
2024-08=22 12:27:18:INFO:*********navigating to the search customer page**********
2024-08=22 12:27:18:INFO:********starting search by name***********
2024-08=22 12:27:22:INFO:Test passed
2024-08=22 12:27:25:INFO:**********Test_04_003 started************
2024-08=22 12:27:29:INFO:*********Login completed**********
2024-08=22 12:27:29:INFO:*********navigating to the search customer page**********
2024-08=22 12:27:29:INFO:********starting search by company name***********
2024-08=22 12:27:33:INFO:Test passed
2024-08=22 13:59:28:INFO:**********Test_04_001 started************
2024-08=22 13:59:32:INFO:*********Login completed**********
2024-08=22 13:59:32:INFO:*********navigating to the search customer page**********
2024-08=22 13:59:32:INFO:********starting search by email***********
2024-08=22 13:59:36:INFO:Test passed
2024-08=22 13:59:37:INFO:**********Test_04_002 started************
2024-08=22 13:59:40:INFO:*********Login completed**********
2024-08=22 13:59:40:INFO:*********navigating to the search customer page**********
2024-08=22 13:59:41:INFO:********starting search by name***********
2024-08=22 13:59:44:INFO:Test passed
2024-08=22 13:59:46:INFO:**********Test_04_003 started************
2024-08=22 13:59:49:INFO:*********Login completed**********
2024-08=22 13:59:49:INFO:*********navigating to the search customer page**********
2024-08=22 13:59:50:INFO:********starting search by company name***********
2024-08=22 13:59:53:INFO:Test passed
